2025-05-07T03:54:38.247+01:00  INFO 21236 --- [ZentraBank] [main] fizy.web.app.ZentraBankApplication       : Starting ZentraBankApplication using Java 21.0.6 with PID 21236 (C:\Users\chine\Desktop\UoB RESOURCES\ADVANCED SOFTWARE ENG\proj\ZentraBank\target\classes started by chine in C:\Users\chine\Desktop\UoB RESOURCES\ADVANCED SOFTWARE ENG\proj\ZentraBank)
2025-05-07T03:54:38.284+01:00 DEBUG 21236 --- [ZentraBank] [main] fizy.web.app.ZentraBankApplication       : Running with Spring Boot v3.5.0-M3, Spring v6.2.5
2025-05-07T03:54:38.286+01:00  INFO 21236 --- [ZentraBank] [main] fizy.web.app.ZentraBankApplication       : No active profile set, falling back to 1 default profile: "default"
2025-05-07T03:54:42.093+01:00  INFO 21236 --- [ZentraBank] [main] o.apache.catalina.core.StandardService   : Starting service [Tomcat]
2025-05-07T03:54:42.094+01:00  INFO 21236 --- [ZentraBank] [main] o.apache.catalina.core.StandardEngine    : Starting Servlet engine: [Apache Tomcat/10.1.39]
2025-05-07T03:54:42.217+01:00  INFO 21236 --- [ZentraBank] [main] o.a.c.c.C.[.[localhost].[/api/v1]        : Initializing Spring embedded WebApplicationContext
2025-05-07T03:54:42.630+01:00  INFO 21236 --- [ZentraBank] [main] o.hibernate.jpa.internal.util.LogHelper  : HHH000204: Processing PersistenceUnitInfo [name: default]
2025-05-07T03:54:42.776+01:00  INFO 21236 --- [ZentraBank] [main] org.hibernate.Version                    : HHH000412: Hibernate ORM core version 6.6.11.Final
2025-05-07T03:54:42.868+01:00  INFO 21236 --- [ZentraBank] [main] o.h.c.internal.RegionFactoryInitiator    : HHH000026: Second-level cache disabled
2025-05-07T03:54:43.543+01:00  INFO 21236 --- [ZentraBank] [main] com.zaxxer.hikari.HikariDataSource       : HikariPool-1 - Starting...
2025-05-07T03:54:43.984+01:00  INFO 21236 --- [ZentraBank] [main] com.zaxxer.hikari.pool.HikariPool        : HikariPool-1 - Added connection org.postgresql.jdbc.PgConnection@44b9c7c4
2025-05-07T03:54:43.987+01:00  INFO 21236 --- [ZentraBank] [main] com.zaxxer.hikari.HikariDataSource       : HikariPool-1 - Start completed.
2025-05-07T03:54:44.055+01:00  WARN 21236 --- [ZentraBank] [main] org.hibernate.orm.deprecation            : HHH90000025: PostgreSQLDialect does not need to be specified explicitly using 'hibernate.dialect' (remove the property setting and it will be selected by default)
2025-05-07T03:54:44.093+01:00  INFO 21236 --- [ZentraBank] [main] org.hibernate.orm.connections.pooling    : HHH10001005: Database info:
	Database JDBC URL [Connecting through datasource 'HikariDataSource (HikariPool-1)']
	Database driver: undefined/unknown
	Database version: 13.20
	Autocommit mode: undefined/unknown
	Isolation level: undefined/unknown
	Minimum pool size: undefined/unknown
	Maximum pool size: undefined/unknown
2025-05-07T03:54:46.295+01:00  INFO 21236 --- [ZentraBank] [main] o.h.e.t.j.p.i.JtaPlatformInitiator       : HHH000489: No JTA platform available (set 'hibernate.transaction.jta.platform' to enable JTA platform integration)
2025-05-07T03:54:47.495+01:00 DEBUG 21236 --- [ZentraBank] [main] f.w.app.filter.JwtAuthenticationFilter   : Filter 'jwtAuthenticationFilter' configured for use
2025-05-07T03:54:47.667+01:00 TRACE 21236 --- [ZentraBank] [main] t.a.AnnotationTransactionAttributeSource : Adding transactional method 'fizy.web.app.service.AccountService.getExchangeRates' with attribute: PROPAGATION_REQUIRED,ISOLATION_DEFAULT
2025-05-07T03:54:47.690+01:00 TRACE 21236 --- [ZentraBank] [main] t.a.AnnotationTransactionAttributeSource : Adding transactional method 'fizy.web.app.service.AccountService.createAccount' with attribute: PROPAGATION_REQUIRED,ISOLATION_DEFAULT
2025-05-07T03:54:47.690+01:00 TRACE 21236 --- [ZentraBank] [main] t.a.AnnotationTransactionAttributeSource : Adding transactional method 'fizy.web.app.service.AccountService.getUserAccounts' with attribute: PROPAGATION_REQUIRED,ISOLATION_DEFAULT
2025-05-07T03:54:47.691+01:00 TRACE 21236 --- [ZentraBank] [main] t.a.AnnotationTransactionAttributeSource : Adding transactional method 'fizy.web.app.service.AccountService.convertCurrency' with attribute: PROPAGATION_REQUIRED,ISOLATION_DEFAULT
2025-05-07T03:54:47.692+01:00 TRACE 21236 --- [ZentraBank] [main] t.a.AnnotationTransactionAttributeSource : Adding transactional method 'fizy.web.app.service.AccountService.transferFunds' with attribute: PROPAGATION_REQUIRED,ISOLATION_DEFAULT
2025-05-07T03:54:47.811+01:00 TRACE 21236 --- [ZentraBank] [main] t.a.AnnotationTransactionAttributeSource : Adding transactional method 'fizy.web.app.service.CardService.generateRandomCardNumber' with attribute: PROPAGATION_REQUIRED,ISOLATION_DEFAULT
2025-05-07T03:54:47.815+01:00 TRACE 21236 --- [ZentraBank] [main] t.a.AnnotationTransactionAttributeSource : Adding transactional method 'fizy.web.app.service.CardService.createCardTransaction' with attribute: PROPAGATION_REQUIRED,ISOLATION_DEFAULT
2025-05-07T03:54:47.817+01:00 TRACE 21236 --- [ZentraBank] [main] t.a.AnnotationTransactionAttributeSource : Adding transactional method 'fizy.web.app.service.CardService.debitCard' with attribute: PROPAGATION_REQUIRED,ISOLATION_DEFAULT
2025-05-07T03:54:47.817+01:00 TRACE 21236 --- [ZentraBank] [main] t.a.AnnotationTransactionAttributeSource : Adding transactional method 'fizy.web.app.service.CardService.creditCard' with attribute: PROPAGATION_REQUIRED,ISOLATION_DEFAULT
2025-05-07T03:54:47.818+01:00 TRACE 21236 --- [ZentraBank] [main] t.a.AnnotationTransactionAttributeSource : Adding transactional method 'fizy.web.app.service.CardService.getCard' with attribute: PROPAGATION_REQUIRED,ISOLATION_DEFAULT
2025-05-07T03:54:47.819+01:00 TRACE 21236 --- [ZentraBank] [main] t.a.AnnotationTransactionAttributeSource : Adding transactional method 'fizy.web.app.service.CardService.createCard' with attribute: PROPAGATION_REQUIRED,ISOLATION_DEFAULT
2025-05-07T03:54:47.878+01:00  WARN 21236 --- [ZentraBank] [main] r$InitializeUserDetailsManagerConfigurer : Global AuthenticationManager configured with an AuthenticationProvider bean. UserDetailsService beans will not be used by Spring Security for automatically configuring username/password login. Consider removing the AuthenticationProvider bean. Alternatively, consider using the UserDetailsService in a manually instantiated DaoAuthenticationProvider. If the current configuration is intentional, to turn off this warning, increase the logging level of 'org.springframework.security.config.annotation.authentication.configuration.InitializeUserDetailsBeanManagerConfigurer' to ERROR
2025-05-07T03:54:47.883+01:00 TRACE 21236 --- [ZentraBank] [main] t.a.AnnotationTransactionAttributeSource : Adding transactional method 'fizy.web.app.service.UserService.authenticateUser' with attribute: PROPAGATION_REQUIRED,ISOLATION_DEFAULT
2025-05-07T03:54:47.886+01:00 TRACE 21236 --- [ZentraBank] [main] t.a.AnnotationTransactionAttributeSource : Adding transactional method 'fizy.web.app.service.UserService.registerUser' with attribute: PROPAGATION_REQUIRED,ISOLATION_DEFAULT
2025-05-07T03:54:47.963+01:00  WARN 21236 --- [ZentraBank] [main] JpaBaseConfiguration$JpaWebConfiguration : spring.jpa.open-in-view is enabled by default. Therefore, database queries may be performed during view rendering. Explicitly configure spring.jpa.open-in-view to disable this warning
2025-05-07T03:54:48.238+01:00 DEBUG 21236 --- [ZentraBank] [main] s.w.s.m.m.a.RequestMappingHandlerMapping : 16 mappings in 'requestMappingHandlerMapping'
2025-05-07T03:54:48.401+01:00 DEBUG 21236 --- [ZentraBank] [main] o.s.w.s.handler.SimpleUrlHandlerMapping  : Patterns [/webjars/**, /**] in 'resourceHandlerMapping'
2025-05-07T03:54:48.815+01:00 DEBUG 21236 --- [ZentraBank] [main] s.w.s.m.m.a.RequestMappingHandlerAdapter : ControllerAdvice beans: 0 @ModelAttribute, 0 @InitBinder, 1 RequestBodyAdvice, 1 ResponseBodyAdvice
2025-05-07T03:54:48.901+01:00 DEBUG 21236 --- [ZentraBank] [main] .m.m.a.ExceptionHandlerExceptionResolver : ControllerAdvice beans: 0 @ExceptionHandler, 1 ResponseBodyAdvice
2025-05-07T03:54:49.112+01:00  INFO 21236 --- [ZentraBank] [main] fizy.web.app.ZentraBankApplication       : Started ZentraBankApplication in 12.026 seconds (process running for 13.038)
2025-05-07T03:54:49.119+01:00  INFO 21236 --- [ZentraBank] [main] .ExchangeRateScheduleTaskRunnerComponent : Starting exchange rate schedule task...
2025-05-07T03:54:49.377+01:00 DEBUG 21236 --- [ZentraBank] [pool-2-thread-1] o.s.web.client.RestTemplate              : HTTP GET https://api.currencyapi.com/v3/latest?apikey=cur_live_P089H1jsFKtMB9WGMdfL9qodmdXcRjkatDClV6Jy
2025-05-07T03:54:49.404+01:00 DEBUG 21236 --- [ZentraBank] [pool-2-thread-1] o.s.web.client.RestTemplate              : Accept=[application/json, application/*+json]
2025-05-07T03:54:50.730+01:00 DEBUG 21236 --- [ZentraBank] [pool-2-thread-1] o.s.web.client.RestTemplate              : Response 200 OK
2025-05-07T03:54:50.732+01:00 DEBUG 21236 --- [ZentraBank] [pool-2-thread-1] o.s.web.client.RestTemplate              : Reading to [com.fasterxml.jackson.databind.JsonNode]
2025-05-07T03:54:50.779+01:00  INFO 21236 --- [ZentraBank] [pool-2-thread-1] .ExchangeRateScheduleTaskRunnerComponent : Exchange rates updated successfully.
2025-05-07T03:56:26.758+01:00  INFO 21236 --- [ZentraBank] [http-nio-8080-exec-2] o.a.c.c.C.[.[localhost].[/api/v1]        : Initializing Spring DispatcherServlet 'dispatcherServlet'
2025-05-07T03:56:26.758+01:00  INFO 21236 --- [ZentraBank] [http-nio-8080-exec-2] o.s.web.servlet.DispatcherServlet        : Initializing Servlet 'dispatcherServlet'
2025-05-07T03:56:26.759+01:00 DEBUG 21236 --- [ZentraBank] [http-nio-8080-exec-2] o.s.web.servlet.DispatcherServlet        : Detected StandardServletMultipartResolver
2025-05-07T03:56:26.759+01:00 DEBUG 21236 --- [ZentraBank] [http-nio-8080-exec-2] o.s.web.servlet.DispatcherServlet        : Detected AcceptHeaderLocaleResolver
2025-05-07T03:56:26.760+01:00 DEBUG 21236 --- [ZentraBank] [http-nio-8080-exec-2] o.s.web.servlet.DispatcherServlet        : Detected FixedThemeResolver
2025-05-07T03:56:26.762+01:00 DEBUG 21236 --- [ZentraBank] [http-nio-8080-exec-2] o.s.web.servlet.DispatcherServlet        : Detected org.springframework.web.servlet.view.DefaultRequestToViewNameTranslator@3b8c15de
2025-05-07T03:56:26.766+01:00 DEBUG 21236 --- [ZentraBank] [http-nio-8080-exec-2] o.s.web.servlet.DispatcherServlet        : Detected org.springframework.web.servlet.support.SessionFlashMapManager@60493524
2025-05-07T03:56:26.767+01:00 DEBUG 21236 --- [ZentraBank] [http-nio-8080-exec-2] o.s.web.servlet.DispatcherServlet        : enableLoggingRequestDetails='false': request parameters and headers will be masked to prevent unsafe logging of potentially sensitive data
2025-05-07T03:56:26.767+01:00  INFO 21236 --- [ZentraBank] [http-nio-8080-exec-2] o.s.web.servlet.DispatcherServlet        : Completed initialization in 8 ms
2025-05-07T03:56:26.828+01:00 DEBUG 21236 --- [ZentraBank] [http-nio-8080-exec-2] o.s.web.servlet.DispatcherServlet        : POST "/api/v1/user/register", parameters={}
2025-05-07T03:56:26.833+01:00 DEBUG 21236 --- [ZentraBank] [http-nio-8080-exec-2] s.w.s.m.m.a.RequestMappingHandlerMapping : Mapped to fizy.web.app.controller.UserController#registerUser(UserDto)
2025-05-07T03:56:27.045+01:00 DEBUG 21236 --- [ZentraBank] [http-nio-8080-exec-2] m.m.a.RequestResponseBodyMethodProcessor : Read "application/json;charset=UTF-8" to [fizy.web.app.dto.UserDto@4a3174f7]
2025-05-07T03:56:27.090+01:00 TRACE 21236 --- [ZentraBank] [http-nio-8080-exec-2] o.s.t.i.TransactionInterceptor           : Getting transaction for [fizy.web.app.service.UserService.registerUser]
2025-05-07T03:56:27.236+01:00 TRACE 21236 --- [ZentraBank] [http-nio-8080-exec-2] o.s.t.i.TransactionInterceptor           : Getting transaction for [org.springframework.data.jpa.repository.support.SimpleJpaRepository.save]
2025-05-07T03:56:27.291+01:00 TRACE 21236 --- [ZentraBank] [http-nio-8080-exec-2] o.s.t.i.TransactionInterceptor           : Completing transaction for [org.springframework.data.jpa.repository.support.SimpleJpaRepository.save]
2025-05-07T03:56:27.292+01:00 TRACE 21236 --- [ZentraBank] [http-nio-8080-exec-2] o.s.t.i.TransactionInterceptor           : Completing transaction for [fizy.web.app.service.UserService.registerUser]
2025-05-07T03:56:27.321+01:00 DEBUG 21236 --- [ZentraBank] [http-nio-8080-exec-2] org.hibernate.SQL                        : insert into bank_user (created_at,dob,firstname,gender,lastname,password,roles,tag,tel,updated_at,username,uid) values (?,?,?,?,?,?,?,?,?,?,?,?)
2025-05-07T03:56:27.387+01:00 DEBUG 21236 --- [ZentraBank] [http-nio-8080-exec-2] o.s.w.s.m.m.a.HttpEntityMethodProcessor  : Using 'application/json', given [*/*] and supported [application/json, application/*+json]
2025-05-07T03:56:27.389+01:00 DEBUG 21236 --- [ZentraBank] [http-nio-8080-exec-2] o.s.w.s.m.m.a.HttpEntityMethodProcessor  : Writing [fizy.web.app.entity.User@6f71fec6]
2025-05-07T03:56:27.423+01:00 DEBUG 21236 --- [ZentraBank] [http-nio-8080-exec-2] o.s.web.servlet.DispatcherServlet        : Completed 200 OK
2025-05-07T04:01:39.467+01:00  INFO 21236 --- [ZentraBank] [SpringApplicationShutdownHook] com.zaxxer.hikari.HikariDataSource       : HikariPool-1 - Shutdown initiated...
2025-05-07T04:01:39.497+01:00  INFO 21236 --- [ZentraBank] [SpringApplicationShutdownHook] com.zaxxer.hikari.HikariDataSource       : HikariPool-1 - Shutdown completed.
2025-05-07T04:01:43.543+01:00  INFO 9192 --- [ZentraBank] [main] fizy.web.app.ZentraBankApplication       : Starting ZentraBankApplication using Java 21.0.6 with PID 9192 (C:\Users\chine\Desktop\UoB RESOURCES\ADVANCED SOFTWARE ENG\proj\ZentraBank\target\classes started by chine in C:\Users\chine\Desktop\UoB RESOURCES\ADVANCED SOFTWARE ENG\proj\ZentraBank)
2025-05-07T04:01:43.547+01:00 DEBUG 9192 --- [ZentraBank] [main] fizy.web.app.ZentraBankApplication       : Running with Spring Boot v3.5.0-M3, Spring v6.2.5
2025-05-07T04:01:43.548+01:00  INFO 9192 --- [ZentraBank] [main] fizy.web.app.ZentraBankApplication       : No active profile set, falling back to 1 default profile: "default"
2025-05-07T04:01:47.530+01:00  INFO 9192 --- [ZentraBank] [main] o.apache.catalina.core.StandardService   : Starting service [Tomcat]
2025-05-07T04:01:47.531+01:00  INFO 9192 --- [ZentraBank] [main] o.apache.catalina.core.StandardEngine    : Starting Servlet engine: [Apache Tomcat/10.1.39]
2025-05-07T04:01:47.676+01:00  INFO 9192 --- [ZentraBank] [main] o.a.c.c.C.[.[localhost].[/api/v1]        : Initializing Spring embedded WebApplicationContext
2025-05-07T04:01:48.063+01:00  INFO 9192 --- [ZentraBank] [main] o.hibernate.jpa.internal.util.LogHelper  : HHH000204: Processing PersistenceUnitInfo [name: default]
2025-05-07T04:01:48.221+01:00  INFO 9192 --- [ZentraBank] [main] org.hibernate.Version                    : HHH000412: Hibernate ORM core version 6.6.11.Final
2025-05-07T04:01:48.352+01:00  INFO 9192 --- [ZentraBank] [main] o.h.c.internal.RegionFactoryInitiator    : HHH000026: Second-level cache disabled
2025-05-07T04:01:49.303+01:00  INFO 9192 --- [ZentraBank] [main] com.zaxxer.hikari.HikariDataSource       : HikariPool-1 - Starting...
2025-05-07T04:01:49.842+01:00  INFO 9192 --- [ZentraBank] [main] com.zaxxer.hikari.pool.HikariPool        : HikariPool-1 - Added connection org.postgresql.jdbc.PgConnection@47eaf55c
2025-05-07T04:01:49.848+01:00  INFO 9192 --- [ZentraBank] [main] com.zaxxer.hikari.HikariDataSource       : HikariPool-1 - Start completed.
2025-05-07T04:01:49.957+01:00  WARN 9192 --- [ZentraBank] [main] org.hibernate.orm.deprecation            : HHH90000025: PostgreSQLDialect does not need to be specified explicitly using 'hibernate.dialect' (remove the property setting and it will be selected by default)
2025-05-07T04:01:50.099+01:00  INFO 9192 --- [ZentraBank] [main] org.hibernate.orm.connections.pooling    : HHH10001005: Database info:
	Database JDBC URL [Connecting through datasource 'HikariDataSource (HikariPool-1)']
	Database driver: undefined/unknown
	Database version: 13.20
	Autocommit mode: undefined/unknown
	Isolation level: undefined/unknown
	Minimum pool size: undefined/unknown
	Maximum pool size: undefined/unknown
2025-05-07T04:01:53.047+01:00  INFO 9192 --- [ZentraBank] [main] o.h.e.t.j.p.i.JtaPlatformInitiator       : HHH000489: No JTA platform available (set 'hibernate.transaction.jta.platform' to enable JTA platform integration)
2025-05-07T04:01:54.412+01:00 DEBUG 9192 --- [ZentraBank] [main] f.w.app.filter.JwtAuthenticationFilter   : Filter 'jwtAuthenticationFilter' configured for use
2025-05-07T04:01:54.611+01:00 TRACE 9192 --- [ZentraBank] [main] t.a.AnnotationTransactionAttributeSource : Adding transactional method 'fizy.web.app.service.AccountService.transferFunds' with attribute: PROPAGATION_REQUIRED,ISOLATION_DEFAULT
2025-05-07T04:01:54.664+01:00 TRACE 9192 --- [ZentraBank] [main] t.a.AnnotationTransactionAttributeSource : Adding transactional method 'fizy.web.app.service.AccountService.getUserAccounts' with attribute: PROPAGATION_REQUIRED,ISOLATION_DEFAULT
2025-05-07T04:01:54.665+01:00 TRACE 9192 --- [ZentraBank] [main] t.a.AnnotationTransactionAttributeSource : Adding transactional method 'fizy.web.app.service.AccountService.createAccount' with attribute: PROPAGATION_REQUIRED,ISOLATION_DEFAULT
2025-05-07T04:01:54.667+01:00 TRACE 9192 --- [ZentraBank] [main] t.a.AnnotationTransactionAttributeSource : Adding transactional method 'fizy.web.app.service.AccountService.getExchangeRates' with attribute: PROPAGATION_REQUIRED,ISOLATION_DEFAULT
2025-05-07T04:01:54.667+01:00 TRACE 9192 --- [ZentraBank] [main] t.a.AnnotationTransactionAttributeSource : Adding transactional method 'fizy.web.app.service.AccountService.convertCurrency' with attribute: PROPAGATION_REQUIRED,ISOLATION_DEFAULT
2025-05-07T04:01:54.729+01:00 TRACE 9192 --- [ZentraBank] [main] t.a.AnnotationTransactionAttributeSource : Adding transactional method 'fizy.web.app.service.CardService.generateRandomCardNumber' with attribute: PROPAGATION_REQUIRED,ISOLATION_DEFAULT
2025-05-07T04:01:54.731+01:00 TRACE 9192 --- [ZentraBank] [main] t.a.AnnotationTransactionAttributeSource : Adding transactional method 'fizy.web.app.service.CardService.createCardTransaction' with attribute: PROPAGATION_REQUIRED,ISOLATION_DEFAULT
2025-05-07T04:01:54.732+01:00 TRACE 9192 --- [ZentraBank] [main] t.a.AnnotationTransactionAttributeSource : Adding transactional method 'fizy.web.app.service.CardService.createCard' with attribute: PROPAGATION_REQUIRED,ISOLATION_DEFAULT
2025-05-07T04:01:54.733+01:00 TRACE 9192 --- [ZentraBank] [main] t.a.AnnotationTransactionAttributeSource : Adding transactional method 'fizy.web.app.service.CardService.getCard' with attribute: PROPAGATION_REQUIRED,ISOLATION_DEFAULT
2025-05-07T04:01:54.733+01:00 TRACE 9192 --- [ZentraBank] [main] t.a.AnnotationTransactionAttributeSource : Adding transactional method 'fizy.web.app.service.CardService.debitCard' with attribute: PROPAGATION_REQUIRED,ISOLATION_DEFAULT
2025-05-07T04:01:54.734+01:00 TRACE 9192 --- [ZentraBank] [main] t.a.AnnotationTransactionAttributeSource : Adding transactional method 'fizy.web.app.service.CardService.creditCard' with attribute: PROPAGATION_REQUIRED,ISOLATION_DEFAULT
2025-05-07T04:01:54.794+01:00  WARN 9192 --- [ZentraBank] [main] r$InitializeUserDetailsManagerConfigurer : Global AuthenticationManager configured with an AuthenticationProvider bean. UserDetailsService beans will not be used by Spring Security for automatically configuring username/password login. Consider removing the AuthenticationProvider bean. Alternatively, consider using the UserDetailsService in a manually instantiated DaoAuthenticationProvider. If the current configuration is intentional, to turn off this warning, increase the logging level of 'org.springframework.security.config.annotation.authentication.configuration.InitializeUserDetailsBeanManagerConfigurer' to ERROR
2025-05-07T04:01:54.801+01:00 TRACE 9192 --- [ZentraBank] [main] t.a.AnnotationTransactionAttributeSource : Adding transactional method 'fizy.web.app.service.UserService.authenticateUser' with attribute: PROPAGATION_REQUIRED,ISOLATION_DEFAULT
2025-05-07T04:01:54.803+01:00 TRACE 9192 --- [ZentraBank] [main] t.a.AnnotationTransactionAttributeSource : Adding transactional method 'fizy.web.app.service.UserService.registerUser' with attribute: PROPAGATION_REQUIRED,ISOLATION_DEFAULT
2025-05-07T04:01:54.946+01:00  WARN 9192 --- [ZentraBank] [main] JpaBaseConfiguration$JpaWebConfiguration : spring.jpa.open-in-view is enabled by default. Therefore, database queries may be performed during view rendering. Explicitly configure spring.jpa.open-in-view to disable this warning
2025-05-07T04:01:55.180+01:00 DEBUG 9192 --- [ZentraBank] [main] s.w.s.m.m.a.RequestMappingHandlerMapping : 16 mappings in 'requestMappingHandlerMapping'
2025-05-07T04:01:55.383+01:00 DEBUG 9192 --- [ZentraBank] [main] o.s.w.s.handler.SimpleUrlHandlerMapping  : Patterns [/webjars/**, /**] in 'resourceHandlerMapping'
2025-05-07T04:01:55.789+01:00 DEBUG 9192 --- [ZentraBank] [main] s.w.s.m.m.a.RequestMappingHandlerAdapter : ControllerAdvice beans: 0 @ModelAttribute, 0 @InitBinder, 1 RequestBodyAdvice, 1 ResponseBodyAdvice
2025-05-07T04:01:55.876+01:00 DEBUG 9192 --- [ZentraBank] [main] .m.m.a.ExceptionHandlerExceptionResolver : ControllerAdvice beans: 0 @ExceptionHandler, 1 ResponseBodyAdvice
2025-05-07T04:01:56.131+01:00  INFO 9192 --- [ZentraBank] [main] fizy.web.app.ZentraBankApplication       : Started ZentraBankApplication in 13.746 seconds (process running for 14.656)
2025-05-07T04:01:56.139+01:00  INFO 9192 --- [ZentraBank] [main] .ExchangeRateScheduleTaskRunnerComponent : Starting exchange rate schedule task...
2025-05-07T04:01:56.503+01:00 DEBUG 9192 --- [ZentraBank] [pool-2-thread-1] o.s.web.client.RestTemplate              : HTTP GET https://api.currencyapi.com/v3/latest?apikey=cur_live_P089H1jsFKtMB9WGMdfL9qodmdXcRjkatDClV6Jy
2025-05-07T04:01:56.528+01:00 DEBUG 9192 --- [ZentraBank] [pool-2-thread-1] o.s.web.client.RestTemplate              : Accept=[application/json, application/*+json]
2025-05-07T04:01:57.183+01:00 DEBUG 9192 --- [ZentraBank] [pool-2-thread-1] o.s.web.client.RestTemplate              : Response 200 OK
2025-05-07T04:01:57.192+01:00 DEBUG 9192 --- [ZentraBank] [pool-2-thread-1] o.s.web.client.RestTemplate              : Reading to [com.fasterxml.jackson.databind.JsonNode]
2025-05-07T04:01:57.261+01:00  INFO 9192 --- [ZentraBank] [pool-2-thread-1] .ExchangeRateScheduleTaskRunnerComponent : Exchange rates updated successfully.
2025-05-07T04:02:08.801+01:00  INFO 9192 --- [ZentraBank] [http-nio-8080-exec-2] o.a.c.c.C.[.[localhost].[/api/v1]        : Initializing Spring DispatcherServlet 'dispatcherServlet'
2025-05-07T04:02:08.802+01:00  INFO 9192 --- [ZentraBank] [http-nio-8080-exec-2] o.s.web.servlet.DispatcherServlet        : Initializing Servlet 'dispatcherServlet'
2025-05-07T04:02:08.802+01:00 DEBUG 9192 --- [ZentraBank] [http-nio-8080-exec-2] o.s.web.servlet.DispatcherServlet        : Detected StandardServletMultipartResolver
2025-05-07T04:02:08.803+01:00 DEBUG 9192 --- [ZentraBank] [http-nio-8080-exec-2] o.s.web.servlet.DispatcherServlet        : Detected AcceptHeaderLocaleResolver
2025-05-07T04:02:08.803+01:00 DEBUG 9192 --- [ZentraBank] [http-nio-8080-exec-2] o.s.web.servlet.DispatcherServlet        : Detected FixedThemeResolver
2025-05-07T04:02:08.805+01:00 DEBUG 9192 --- [ZentraBank] [http-nio-8080-exec-2] o.s.web.servlet.DispatcherServlet        : Detected org.springframework.web.servlet.view.DefaultRequestToViewNameTranslator@71b6edfb
2025-05-07T04:02:08.805+01:00 DEBUG 9192 --- [ZentraBank] [http-nio-8080-exec-2] o.s.web.servlet.DispatcherServlet        : Detected org.springframework.web.servlet.support.SessionFlashMapManager@1bd6bfb0
2025-05-07T04:02:08.806+01:00 DEBUG 9192 --- [ZentraBank] [http-nio-8080-exec-2] o.s.web.servlet.DispatcherServlet        : enableLoggingRequestDetails='false': request parameters and headers will be masked to prevent unsafe logging of potentially sensitive data
2025-05-07T04:02:08.806+01:00  INFO 9192 --- [ZentraBank] [http-nio-8080-exec-2] o.s.web.servlet.DispatcherServlet        : Completed initialization in 4 ms
2025-05-07T04:02:08.864+01:00 DEBUG 9192 --- [ZentraBank] [http-nio-8080-exec-2] o.s.web.servlet.DispatcherServlet        : POST "/api/v1/user/register", parameters={}
2025-05-07T04:02:08.868+01:00 DEBUG 9192 --- [ZentraBank] [http-nio-8080-exec-2] s.w.s.m.m.a.RequestMappingHandlerMapping : Mapped to fizy.web.app.controller.UserController#registerUser(UserDto)
2025-05-07T04:02:09.002+01:00 DEBUG 9192 --- [ZentraBank] [http-nio-8080-exec-2] m.m.a.RequestResponseBodyMethodProcessor : Read "application/json;charset=UTF-8" to [fizy.web.app.dto.UserDto@42eafc6c]
2025-05-07T04:02:09.050+01:00 TRACE 9192 --- [ZentraBank] [http-nio-8080-exec-2] o.s.t.i.TransactionInterceptor           : Getting transaction for [fizy.web.app.service.UserService.registerUser]
2025-05-07T04:02:09.268+01:00 TRACE 9192 --- [ZentraBank] [http-nio-8080-exec-2] o.s.t.i.TransactionInterceptor           : Getting transaction for [org.springframework.data.jpa.repository.support.SimpleJpaRepository.save]
2025-05-07T04:02:09.315+01:00 TRACE 9192 --- [ZentraBank] [http-nio-8080-exec-2] o.s.t.i.TransactionInterceptor           : Completing transaction for [org.springframework.data.jpa.repository.support.SimpleJpaRepository.save]
2025-05-07T04:02:09.316+01:00 TRACE 9192 --- [ZentraBank] [http-nio-8080-exec-2] o.s.t.i.TransactionInterceptor           : Completing transaction for [fizy.web.app.service.UserService.registerUser]
2025-05-07T04:02:09.341+01:00 DEBUG 9192 --- [ZentraBank] [http-nio-8080-exec-2] org.hibernate.SQL                        : insert into bank_user (created_at,dob,firstname,gender,lastname,password,roles,tag,tel,updated_at,username,uid) values (?,?,?,?,?,?,?,?,?,?,?,?)
2025-05-07T04:02:09.407+01:00 DEBUG 9192 --- [ZentraBank] [http-nio-8080-exec-2] o.s.w.s.m.m.a.HttpEntityMethodProcessor  : Using 'application/json', given [*/*] and supported [application/json, application/*+json]
2025-05-07T04:02:09.409+01:00 DEBUG 9192 --- [ZentraBank] [http-nio-8080-exec-2] o.s.w.s.m.m.a.HttpEntityMethodProcessor  : Writing [fizy.web.app.entity.User@65b7d8ee]
2025-05-07T04:02:09.448+01:00 DEBUG 9192 --- [ZentraBank] [http-nio-8080-exec-2] o.s.web.servlet.DispatcherServlet        : Completed 200 OK
2025-05-07T04:47:49.806+01:00  INFO 9192 --- [ZentraBank] [SpringApplicationShutdownHook] com.zaxxer.hikari.HikariDataSource       : HikariPool-1 - Shutdown initiated...
2025-05-07T04:47:49.854+01:00  INFO 9192 --- [ZentraBank] [SpringApplicationShutdownHook] com.zaxxer.hikari.HikariDataSource       : HikariPool-1 - Shutdown completed.
